
ROM used:   295/8192 (4%)
            295/8192 (4%) including unused fragments

            0.3 Average locations per line
            7.4 Average locations per statement

RAM used:   10/368 (3%) at main() level
            11/368 (3%) worst case

Stack used: 1 worst case (1 in main + 0 for interrupts)
Stack size: 8

Lines Stmts  %   Files
----- ----- ---  -----
   80    40 100  Motor DC + Driver L298N.c
  810     0   0  ..\..\..\..\..\..\..\..\..\..\Program Files (x86)\PICCDEMO\Devices\16F887.h
----- -----
  890    40 Total

Page ROM  %  RAM    Vol Diff  Functions:
---- --- --- ---    --- ----  ----------
0     20   7    1             @delay_ms1
0    271  92    1   1232  6.4  main
 Inline         0             @cinit1

Program metrics:
    Functions               1
    Statements              40
    Comments                182
    Volume (V)              1237
    Difficulty (D)          6.2
    Effort to implement (E) 7683
    Time to implement (T)   7 minutes
    Est Delivered Bugs (B)  0
    Cyclomatic Complexity   1
    Maintainability (MI)    118

 Segment     Used  Free
-----------  ----  ----
00000-00003     4  0  
00004-007FF   291  1753  
00800-00FFF     0  2048  
01000-017FF     0  2048  
01800-01FFF     0  2048  



