
ROM used:   281/8192 (3%)
            281/8192 (3%) including unused fragments

            0.4 Average locations per line
            7.0 Average locations per statement

RAM used:   10/368 (3%) at main() level
            11/368 (3%) worst case

Stack used: 1 worst case (1 in main + 0 for interrupts)
Stack size: 8

Lines Stmts  %   Files
----- ----- ---  -----
   85    40 100  Motor DC + Driver L298N.c
  684     0   0  ..\..\..\..\..\Program Files\PICC\Devices\16F877A.h
----- -----
  769    40 Total

Page ROM  %  RAM    Vol Diff  Functions:
---- --- --- ---    --- ----  ----------
0     20   7    1             @delay_ms1
0    257  91    1   1188  5.9  main
 Inline         0    328  2.7  @cinit1

Program metrics:
    Functions               2
    Statements              40
    Comments                159
    Volume (V)              1721
    Difficulty (D)          8.5
    Effort to implement (E) 14685
    Time to implement (T)   14 minutes
    Est Delivered Bugs (B)  0
    Cyclomatic Complexity   1
    Maintainability (MI)    135

 Segment     Used  Free
-----------  ----  ----
00000-00003     4  0  
00004-007FF   277  1767  
00800-00FFF     0  2048  
01000-017FF     0  2048  
01800-01FFF     0  2048  



